
ROM used:   490/31936 (2%)
            490/31936 (2%) including unused fragments

            0.4 Average locations per line
            4.8 Average locations per statement

RAM used:   4/2036 (0%) at main() level
            16/2036 (1%) worst case

Stack used: 4 worst case (4 in main + 0 for interrupts)
Stack size: 30

Lines Stmts  %   Files
----- ----- ---  -----
   25     3   3  main.c
   13     0   0  main.h
  837     0   0  C:\Program Files (x86)\PICC\Devices\18F4550.h
   61     0   0  C:\Program Files (x86)\PICC\Drivers\float.h
  456   100  97  C:\Program Files (x86)\PICC\Drivers\lcd.c
----- -----
 1392   103 Total

Page ROM  %  RAM   Vol Diff  Functions:
---- --- --- ---   --- ----  ----------
0     38   4    1             @delay_ms1
0     74   8    3   760  4.5  lcd_read_byte
0     82   8    2   262  3.7  lcd_read_nibble
0     64   7    1   399  2.4  lcd_send_nibble
0     72   7    3   415  3.7  lcd_send_byte
0    128  13    6   852  6.2  lcd_init
0     28   3    0    27  1.0  MAIN
 Inline         0             @cinit1

Program metrics:
    Functions               6
    Statements              103
    Comments                267
    Volume (V)              3813
    Difficulty (D)          22.1
    Effort to implement (E) 84324
    Time to implement (T)   1 hours, 18 minutes
    Est Delivered Bugs (B)  1
    Cyclomatic Complexity   2
    Maintainability (MI)    52

 Segment     Used  Free
-----------  ----  ----
00000-00002     4  0  
00004-07CBE   486  31446  



